<?xml version="1.0" encoding="UTF-8"?>
<testng-results ignored="0" total="4" passed="4" failed="0" skipped="0">
  <reporter-output>
  </reporter-output>
  <suite started-at="2024-10-30T15:50:38 CET" name="PetSuite" finished-at="2024-10-30T15:50:44 CET" duration-ms="6271">
    <groups>
    </groups>
    <test started-at="2024-10-30T15:50:38 CET" name="PetTest" finished-at="2024-10-30T15:50:44 CET" duration-ms="6271">
      <class name="api.test.UserTests">
        <test-method is-config="true" signature="setupData()[pri:0, instance:api.test.UserTests@158d2680]" started-at="2024-10-30T15:50:38 CET" name="setupData" finished-at="2024-10-30T15:50:39 CET" duration-ms="744" status="PASS">
          <reporter-output>
          </reporter-output>
        </test-method> <!-- setupData -->
        <test-method signature="testPostUser()[pri:1, instance:api.test.UserTests@158d2680]" started-at="2024-10-30T15:50:39 CET" name="testPostUser" finished-at="2024-10-30T15:50:41 CET" duration-ms="2672" status="PASS">
          <reporter-output>
          </reporter-output>
        </test-method> <!-- testPostUser -->
        <test-method signature="testGetUserByName()[pri:2, instance:api.test.UserTests@158d2680]" started-at="2024-10-30T15:50:41 CET" name="testGetUserByName" finished-at="2024-10-30T15:50:42 CET" duration-ms="668" status="PASS">
          <reporter-output>
          </reporter-output>
        </test-method> <!-- testGetUserByName -->
        <test-method signature="testUpdateUserByName()[pri:3, instance:api.test.UserTests@158d2680]" started-at="2024-10-30T15:50:42 CET" name="testUpdateUserByName" finished-at="2024-10-30T15:50:43 CET" duration-ms="1321" status="PASS">
          <reporter-output>
          </reporter-output>
        </test-method> <!-- testUpdateUserByName -->
        <test-method signature="testDeleteUserByName()[pri:4, instance:api.test.UserTests@158d2680]" started-at="2024-10-30T15:50:43 CET" name="testDeleteUserByName" finished-at="2024-10-30T15:50:44 CET" duration-ms="640" status="PASS">
          <reporter-output>
          </reporter-output>
        </test-method> <!-- testDeleteUserByName -->
      </class> <!-- api.test.UserTests -->
    </test> <!-- PetTest -->
  </suite> <!-- PetSuite -->
</testng-results>
