<?xml version="1.0" encoding="UTF-8"?>
<testng-results ignored="0" total="4" passed="4" failed="0" skipped="0">
  <reporter-output>
  </reporter-output>
  <suite started-at="2024-10-30T13:06:25 CET" name="PetSuite" finished-at="2024-10-30T13:06:31 CET" duration-ms="6328">
    <groups>
    </groups>
    <test started-at="2024-10-30T13:06:25 CET" name="PetTest" finished-at="2024-10-30T13:06:31 CET" duration-ms="6328">
      <class name="api.test.UserTests">
        <test-method is-config="true" signature="setupData()[pri:0, instance:api.test.UserTests@179ece50]" started-at="2024-10-30T13:06:25 CET" name="setupData" finished-at="2024-10-30T13:06:26 CET" duration-ms="892" status="PASS">
          <reporter-output>
          </reporter-output>
        </test-method> <!-- setupData -->
        <test-method signature="testPostUser()[pri:1, instance:api.test.UserTests@179ece50]" started-at="2024-10-30T13:06:26 CET" name="testPostUser" finished-at="2024-10-30T13:06:29 CET" duration-ms="2536" status="PASS">
          <reporter-output>
          </reporter-output>
        </test-method> <!-- testPostUser -->
        <test-method signature="testGetUserByName()[pri:2, instance:api.test.UserTests@179ece50]" started-at="2024-10-30T13:06:29 CET" name="testGetUserByName" finished-at="2024-10-30T13:06:29 CET" duration-ms="684" status="PASS">
          <reporter-output>
          </reporter-output>
        </test-method> <!-- testGetUserByName -->
        <test-method signature="testUpdateUserByName()[pri:3, instance:api.test.UserTests@179ece50]" started-at="2024-10-30T13:06:29 CET" name="testUpdateUserByName" finished-at="2024-10-30T13:06:31 CET" duration-ms="1299" status="PASS">
          <reporter-output>
          </reporter-output>
        </test-method> <!-- testUpdateUserByName -->
        <test-method signature="testDeleteUserByName()[pri:4, instance:api.test.UserTests@179ece50]" started-at="2024-10-30T13:06:31 CET" name="testDeleteUserByName" finished-at="2024-10-30T13:06:31 CET" duration-ms="648" status="PASS">
          <reporter-output>
          </reporter-output>
        </test-method> <!-- testDeleteUserByName -->
      </class> <!-- api.test.UserTests -->
    </test> <!-- PetTest -->
  </suite> <!-- PetSuite -->
</testng-results>
