<?xml version="1.0" encoding="UTF-8"?>
<!-- Generated by org.testng.reporters.JUnitXMLReporter -->
<testsuite ignored="0" hostname="DESKTOP-CS660UK" failures="0" tests="4" name="PetTest" time="6.271" errors="0" timestamp="2024-10-30T15:50:45 CET">
  <testcase classname="api.test.UserTests" name="testPostUser" time="2.672"/>
  <testcase classname="api.test.UserTests" name="testGetUserByName" time="0.668"/>
  <testcase classname="api.test.UserTests" name="testUpdateUserByName" time="1.321"/>
  <testcase classname="api.test.UserTests" name="testDeleteUserByName" time="0.64"/>
</testsuite> <!-- PetTest -->
