<?xml version="1.0" encoding="UTF-8"?>
<!-- Generated by org.testng.reporters.JUnitXMLReporter -->
<testsuite ignored="0" hostname="DESKTOP-CS660UK" failures="0" tests="4" name="PetTest" time="6.328" errors="0" timestamp="2024-10-30T13:06:32 CET">
  <testcase classname="api.test.UserTests" name="testPostUser" time="2.536"/>
  <testcase classname="api.test.UserTests" name="testGetUserByName" time="0.684"/>
  <testcase classname="api.test.UserTests" name="testUpdateUserByName" time="1.299"/>
  <testcase classname="api.test.UserTests" name="testDeleteUserByName" time="0.648"/>
</testsuite> <!-- PetTest -->
